c:\users\gido\projects\xyzengine\xyzengine\vendor\ozz-animation\bin-int\debug-windows-x86_64\ozz_animation\blending_job.obj
c:\users\gido\projects\xyzengine\xyzengine\vendor\ozz-animation\bin-int\debug-windows-x86_64\ozz_animation\animation_utils.obj
c:\users\gido\projects\xyzengine\xyzengine\vendor\ozz-animation\bin-int\debug-windows-x86_64\ozz_animation\track.obj
c:\users\gido\projects\xyzengine\xyzengine\vendor\ozz-animation\bin-int\debug-windows-x86_64\ozz_animation\animation.obj
c:\users\gido\projects\xyzengine\xyzengine\vendor\ozz-animation\bin-int\debug-windows-x86_64\ozz_animation\ik_aim_job.obj
c:\users\gido\projects\xyzengine\xyzengine\vendor\ozz-animation\bin-int\debug-windows-x86_64\ozz_animation\sampling_job.obj
c:\users\gido\projects\xyzengine\xyzengine\vendor\ozz-animation\bin-int\debug-windows-x86_64\ozz_animation\ik_two_bone_job.obj
c:\users\gido\projects\xyzengine\xyzengine\vendor\ozz-animation\bin-int\debug-windows-x86_64\ozz_animation\local_to_model_job.obj
c:\users\gido\projects\xyzengine\xyzengine\vendor\ozz-animation\bin-int\debug-windows-x86_64\ozz_animation\skeleton.obj
c:\users\gido\projects\xyzengine\xyzengine\vendor\ozz-animation\bin-int\debug-windows-x86_64\ozz_animation\skeleton_utils.obj
c:\users\gido\projects\xyzengine\xyzengine\vendor\ozz-animation\bin-int\debug-windows-x86_64\ozz_animation\track_sampling_job.obj
c:\users\gido\projects\xyzengine\xyzengine\vendor\ozz-animation\bin-int\debug-windows-x86_64\ozz_animation\track_triggering_job.obj
c:\users\gido\projects\xyzengine\xyzengine\vendor\ozz-animation\bin\debug-windows-x86_64\ozz_animation\ozz_animation.pdb
c:\users\gido\projects\xyzengine\xyzengine\vendor\ozz-animation\bin-int\debug-windows-x86_64\ozz_animation\vc143.pdb
c:\users\gido\projects\xyzengine\xyzengine\vendor\ozz-animation\bin\debug-windows-x86_64\ozz_animation\ozz_animation.lib
c:\users\gido\projects\xyzengine\xyzengine\vendor\ozz-animation\bin-int\debug-windows-x86_64\ozz_animation\vc143.idb
c:\users\gido\projects\xyzengine\xyzengine\vendor\ozz-animation\bin-int\debug-windows-x86_64\ozz_animation\ozz_animation.tlog\cl.11660.write.1.tlog
c:\users\gido\projects\xyzengine\xyzengine\vendor\ozz-animation\bin-int\debug-windows-x86_64\ozz_animation\ozz_animation.tlog\cl.command.1.tlog
c:\users\gido\projects\xyzengine\xyzengine\vendor\ozz-animation\bin-int\debug-windows-x86_64\ozz_animation\ozz_animation.tlog\cl.read.1.tlog
c:\users\gido\projects\xyzengine\xyzengine\vendor\ozz-animation\bin-int\debug-windows-x86_64\ozz_animation\ozz_animation.tlog\lib-link.read.1.tlog
c:\users\gido\projects\xyzengine\xyzengine\vendor\ozz-animation\bin-int\debug-windows-x86_64\ozz_animation\ozz_animation.tlog\lib-link.write.1.tlog
c:\users\gido\projects\xyzengine\xyzengine\vendor\ozz-animation\bin-int\debug-windows-x86_64\ozz_animation\ozz_animation.tlog\lib.command.1.tlog
c:\users\gido\projects\xyzengine\xyzengine\vendor\ozz-animation\bin-int\debug-windows-x86_64\ozz_animation\ozz_animation.tlog\link-cvtres.read.1.tlog
c:\users\gido\projects\xyzengine\xyzengine\vendor\ozz-animation\bin-int\debug-windows-x86_64\ozz_animation\ozz_animation.tlog\link-cvtres.write.1.tlog
c:\users\gido\projects\xyzengine\xyzengine\vendor\ozz-animation\bin-int\debug-windows-x86_64\ozz_animation\ozz_animation.tlog\link-rc.read.1.tlog
c:\users\gido\projects\xyzengine\xyzengine\vendor\ozz-animation\bin-int\debug-windows-x86_64\ozz_animation\ozz_animation.tlog\link-rc.write.1.tlog
c:\users\gido\projects\xyzengine\xyzengine\vendor\ozz-animation\bin-int\debug-windows-x86_64\ozz_animation\ozz_animation.tlog\link.command.1.tlog
c:\users\gido\projects\xyzengine\xyzengine\vendor\ozz-animation\bin-int\debug-windows-x86_64\ozz_animation\ozz_animation.tlog\link.delete.1.tlog
c:\users\gido\projects\xyzengine\xyzengine\vendor\ozz-animation\bin-int\debug-windows-x86_64\ozz_animation\ozz_animation.tlog\link.read.1.tlog
c:\users\gido\projects\xyzengine\xyzengine\vendor\ozz-animation\bin-int\debug-windows-x86_64\ozz_animation\ozz_animation.tlog\link.read.2.tlog
c:\users\gido\projects\xyzengine\xyzengine\vendor\ozz-animation\bin-int\debug-windows-x86_64\ozz_animation\ozz_animation.tlog\link.write.1.tlog
