c:\users\gido\projects\xyzengine\xyzengine\vendor\ozz-animation\bin-int\debug-windows-x86_64\ozz_animation_offline\raw_animation_archive.obj
c:\users\gido\projects\xyzengine\xyzengine\vendor\ozz-animation\bin-int\debug-windows-x86_64\ozz_animation_offline\track_builder.obj
c:\users\gido\projects\xyzengine\xyzengine\vendor\ozz-animation\bin-int\debug-windows-x86_64\ozz_animation_offline\raw_track.obj
c:\users\gido\projects\xyzengine\xyzengine\vendor\ozz-animation\bin-int\debug-windows-x86_64\ozz_animation_offline\animation_optimizer.obj
c:\users\gido\projects\xyzengine\xyzengine\vendor\ozz-animation\bin-int\debug-windows-x86_64\ozz_animation_offline\raw_skeleton_archive.obj
c:\users\gido\projects\xyzengine\xyzengine\vendor\ozz-animation\bin-int\debug-windows-x86_64\ozz_animation_offline\track_optimizer.obj
c:\users\gido\projects\xyzengine\xyzengine\vendor\ozz-animation\bin-int\debug-windows-x86_64\ozz_animation_offline\skeleton_builder.obj
c:\users\gido\projects\xyzengine\xyzengine\vendor\ozz-animation\bin-int\debug-windows-x86_64\ozz_animation_offline\animation_builder.obj
c:\users\gido\projects\xyzengine\xyzengine\vendor\ozz-animation\bin-int\debug-windows-x86_64\ozz_animation_offline\raw_animation_utils.obj
c:\users\gido\projects\xyzengine\xyzengine\vendor\ozz-animation\bin-int\debug-windows-x86_64\ozz_animation_offline\additive_animation_builder.obj
c:\users\gido\projects\xyzengine\xyzengine\vendor\ozz-animation\bin-int\debug-windows-x86_64\ozz_animation_offline\raw_skeleton.obj
c:\users\gido\projects\xyzengine\xyzengine\vendor\ozz-animation\bin-int\debug-windows-x86_64\ozz_animation_offline\raw_animation.obj
c:\users\gido\projects\xyzengine\xyzengine\vendor\ozz-animation\bin\debug-windows-x86_64\ozz_animation_offline\ozz_animation_offline.pdb
c:\users\gido\projects\xyzengine\xyzengine\vendor\ozz-animation\bin\debug-windows-x86_64\ozz_animation_offline\ozz_animation_offline.lib
c:\users\gido\projects\xyzengine\xyzengine\vendor\ozz-animation\bin-int\debug-windows-x86_64\ozz_animation_offline\ozz_anim.694cca4b.tlog\cl.12284.write.1.tlog
c:\users\gido\projects\xyzengine\xyzengine\vendor\ozz-animation\bin-int\debug-windows-x86_64\ozz_animation_offline\ozz_anim.694cca4b.tlog\cl.command.1.tlog
c:\users\gido\projects\xyzengine\xyzengine\vendor\ozz-animation\bin-int\debug-windows-x86_64\ozz_animation_offline\ozz_anim.694cca4b.tlog\cl.read.1.tlog
c:\users\gido\projects\xyzengine\xyzengine\vendor\ozz-animation\bin-int\debug-windows-x86_64\ozz_animation_offline\ozz_anim.694cca4b.tlog\lib-link.read.1.tlog
c:\users\gido\projects\xyzengine\xyzengine\vendor\ozz-animation\bin-int\debug-windows-x86_64\ozz_animation_offline\ozz_anim.694cca4b.tlog\lib-link.write.1.tlog
c:\users\gido\projects\xyzengine\xyzengine\vendor\ozz-animation\bin-int\debug-windows-x86_64\ozz_animation_offline\ozz_anim.694cca4b.tlog\lib.command.1.tlog
